<?xml version="1.0" encoding="UTF-8"?>
<testsuite name="com.example.SneakyHelloWorldTest" tests="1" skipped="0" failures="0" errors="0" timestamp="2020-04-01T05:50:22" hostname="CNXA1ER-DRS03" time="0.007">
  <properties/>
  <testcase name="throwsException()" classname="com.example.SneakyHelloWorldTest" time="0.007"/>
  <system-out><![CDATA[]]></system-out>
  <system-err><![CDATA[]]></system-err>
</testsuite>
